<?xml version="1.0" encoding="UTF-8"?>
<testng-results skipped="0" failed="0" ignored="0" total="13" passed="13">
  <reporter-output>
  </reporter-output>
  <suite name="Surefire suite" duration-ms="129767" started-at="2023-01-24T15:36:23 EET" finished-at="2023-01-24T15:38:33 EET">
    <groups>
      <group name="cucumber">
        <method signature="AbstractTestNGCucumberTests.runScenario(io.cucumber.testng.PickleWrapper,io.cucumber.testng.FeatureWrapper)[pri:0, instance:org.example.Runners.TestRunner@36b4cef0]" name="runScenario" class="io.cucumber.testng.AbstractTestNGCucumberTests"/>
      </group> <!-- cucumber -->
    </groups>
    <test name="Surefire test" duration-ms="129767" started-at="2023-01-24T15:36:23 EET" finished-at="2023-01-24T15:38:33 EET">
      <class name="org.example.Runners.TestRunner">
        <test-method status="PASS" signature="setUpClass(org.testng.ITestContext)[pri:0, instance:org.example.Runners.TestRunner@36b4cef0]" name="setUpClass" is-config="true" duration-ms="466" started-at="2023-01-24T15:36:23 EET" finished-at="2023-01-24T15:36:24 EET">
          <params>
            <param index="0">
              <value>
                <![CDATA[org.testng.TestRunner@6282b9f5]]>
              </value>
            </param>
          </params>
          <reporter-output>
          </reporter-output>
        </test-method> <!-- setUpClass -->
        <test-method status="PASS" signature="runScenario(io.cucumber.testng.PickleWrapper,io.cucumber.testng.FeatureWrapper)[pri:0, instance:org.example.Runners.TestRunner@36b4cef0]" name="runScenario" duration-ms="14178" started-at="2023-01-24T15:36:24 EET" description="Runs Cucumber Scenarios" data-provider="scenarios" finished-at="2023-01-24T15:36:38 EET">
          <params>
            <param index="0">
              <value>
                <![CDATA["User could register with valid data"]]>
              </value>
            </param>
            <param index="1">
              <value>
                <![CDATA["User should be able to register successfully using required fields"]]>
              </value>
            </param>
          </params>
          <reporter-output>
          </reporter-output>
        </test-method> <!-- runScenario -->
        <test-method status="PASS" signature="runScenario(io.cucumber.testng.PickleWrapper,io.cucumber.testng.FeatureWrapper)[pri:0, instance:org.example.Runners.TestRunner@36b4cef0]" name="runScenario" duration-ms="9759" started-at="2023-01-24T15:36:38 EET" description="Runs Cucumber Scenarios" data-provider="scenarios" finished-at="2023-01-24T15:36:47 EET">
          <params>
            <param index="0">
              <value>
                <![CDATA["User could log in with valid email and password"]]>
              </value>
            </param>
            <param index="1">
              <value>
                <![CDATA["User should be able to login successfully"]]>
              </value>
            </param>
          </params>
          <reporter-output>
          </reporter-output>
        </test-method> <!-- runScenario -->
        <test-method status="PASS" signature="runScenario(io.cucumber.testng.PickleWrapper,io.cucumber.testng.FeatureWrapper)[pri:0, instance:org.example.Runners.TestRunner@36b4cef0]" name="runScenario" duration-ms="8301" started-at="2023-01-24T15:36:47 EET" description="Runs Cucumber Scenarios" data-provider="scenarios" finished-at="2023-01-24T15:36:56 EET">
          <params>
            <param index="0">
              <value>
                <![CDATA["User could not log in with invalid email and password"]]>
              </value>
            </param>
            <param index="1">
              <value>
                <![CDATA["User should be able to login successfully"]]>
              </value>
            </param>
          </params>
          <reporter-output>
          </reporter-output>
        </test-method> <!-- runScenario -->
        <test-method status="PASS" signature="runScenario(io.cucumber.testng.PickleWrapper,io.cucumber.testng.FeatureWrapper)[pri:0, instance:org.example.Runners.TestRunner@36b4cef0]" name="runScenario" duration-ms="11117" started-at="2023-01-24T15:36:56 EET" description="Runs Cucumber Scenarios" data-provider="scenarios" finished-at="2023-01-24T15:37:07 EET">
          <params>
            <param index="0">
              <value>
                <![CDATA["user can reset his password successfully"]]>
              </value>
            </param>
            <param index="1">
              <value>
                <![CDATA["user should be able to reset his password"]]>
              </value>
            </param>
          </params>
          <reporter-output>
          </reporter-output>
        </test-method> <!-- runScenario -->
        <test-method status="PASS" signature="runScenario(io.cucumber.testng.PickleWrapper,io.cucumber.testng.FeatureWrapper)[pri:0, instance:org.example.Runners.TestRunner@36b4cef0]" name="runScenario" duration-ms="7096" started-at="2023-01-24T15:37:07 EET" description="Runs Cucumber Scenarios" data-provider="scenarios" finished-at="2023-01-24T15:37:14 EET">
          <params>
            <param index="0">
              <value>
                <![CDATA["user can search using product name"]]>
              </value>
            </param>
            <param index="1">
              <value>
                <![CDATA["Logged User could search for any product"]]>
              </value>
            </param>
          </params>
          <reporter-output>
          </reporter-output>
        </test-method> <!-- runScenario -->
        <test-method status="PASS" signature="runScenario(io.cucumber.testng.PickleWrapper,io.cucumber.testng.FeatureWrapper)[pri:0, instance:org.example.Runners.TestRunner@36b4cef0]" name="runScenario" duration-ms="7317" started-at="2023-01-24T15:37:14 EET" description="Runs Cucumber Scenarios" data-provider="scenarios" finished-at="2023-01-24T15:37:21 EET">
          <params>
            <param index="0">
              <value>
                <![CDATA["user can search using product name"]]>
              </value>
            </param>
            <param index="1">
              <value>
                <![CDATA["Logged User could search for any product"]]>
              </value>
            </param>
          </params>
          <reporter-output>
          </reporter-output>
        </test-method> <!-- runScenario -->
        <test-method status="PASS" signature="runScenario(io.cucumber.testng.PickleWrapper,io.cucumber.testng.FeatureWrapper)[pri:0, instance:org.example.Runners.TestRunner@36b4cef0]" name="runScenario" duration-ms="8058" started-at="2023-01-24T15:37:21 EET" description="Runs Cucumber Scenarios" data-provider="scenarios" finished-at="2023-01-24T15:37:29 EET">
          <params>
            <param index="0">
              <value>
                <![CDATA["user can search for product using sku"]]>
              </value>
            </param>
            <param index="1">
              <value>
                <![CDATA["Logged User could search for any product"]]>
              </value>
            </param>
          </params>
          <reporter-output>
          </reporter-output>
        </test-method> <!-- runScenario -->
        <test-method status="PASS" signature="runScenario(io.cucumber.testng.PickleWrapper,io.cucumber.testng.FeatureWrapper)[pri:0, instance:org.example.Runners.TestRunner@36b4cef0]" name="runScenario" duration-ms="9049" started-at="2023-01-24T15:37:29 EET" description="Runs Cucumber Scenarios" data-provider="scenarios" finished-at="2023-01-24T15:37:38 EET">
          <params>
            <param index="0">
              <value>
                <![CDATA["user can search for product using sku"]]>
              </value>
            </param>
            <param index="1">
              <value>
                <![CDATA["Logged User could search for any product"]]>
              </value>
            </param>
          </params>
          <reporter-output>
          </reporter-output>
        </test-method> <!-- runScenario -->
        <test-method status="PASS" signature="runScenario(io.cucumber.testng.PickleWrapper,io.cucumber.testng.FeatureWrapper)[pri:0, instance:org.example.Runners.TestRunner@36b4cef0]" name="runScenario" duration-ms="8114" started-at="2023-01-24T15:37:38 EET" description="Runs Cucumber Scenarios" data-provider="scenarios" finished-at="2023-01-24T15:37:47 EET">
          <params>
            <param index="0">
              <value>
                <![CDATA["user can search for product using sku"]]>
              </value>
            </param>
            <param index="1">
              <value>
                <![CDATA["Logged User could search for any product"]]>
              </value>
            </param>
          </params>
          <reporter-output>
          </reporter-output>
        </test-method> <!-- runScenario -->
        <test-method status="PASS" signature="runScenario(io.cucumber.testng.PickleWrapper,io.cucumber.testng.FeatureWrapper)[pri:0, instance:org.example.Runners.TestRunner@36b4cef0]" name="runScenario" duration-ms="6785" started-at="2023-01-24T15:37:47 EET" description="Runs Cucumber Scenarios" data-provider="scenarios" finished-at="2023-01-24T15:37:53 EET">
          <params>
            <param index="0">
              <value>
                <![CDATA["user can select Euro currency"]]>
              </value>
            </param>
            <param index="1">
              <value>
                <![CDATA["Switching between currencies"]]>
              </value>
            </param>
          </params>
          <reporter-output>
          </reporter-output>
        </test-method> <!-- runScenario -->
        <test-method status="PASS" signature="runScenario(io.cucumber.testng.PickleWrapper,io.cucumber.testng.FeatureWrapper)[pri:0, instance:org.example.Runners.TestRunner@36b4cef0]" name="runScenario" duration-ms="9779" started-at="2023-01-24T15:37:53 EET" description="Runs Cucumber Scenarios" data-provider="scenarios" finished-at="2023-01-24T15:38:03 EET">
          <params>
            <param index="0">
              <value>
                <![CDATA["user can select subcategories"]]>
              </value>
            </param>
            <param index="1">
              <value>
                <![CDATA["user could select different Categories"]]>
              </value>
            </param>
          </params>
          <reporter-output>
          </reporter-output>
        </test-method> <!-- runScenario -->
        <test-method status="PASS" signature="runScenario(io.cucumber.testng.PickleWrapper,io.cucumber.testng.FeatureWrapper)[pri:0, instance:org.example.Runners.TestRunner@36b4cef0]" name="runScenario" duration-ms="7691" started-at="2023-01-24T15:38:03 EET" description="Runs Cucumber Scenarios" data-provider="scenarios" finished-at="2023-01-24T15:38:11 EET">
          <params>
            <param index="0">
              <value>
                <![CDATA["user can products to WhishList"]]>
              </value>
            </param>
            <param index="1">
              <value>
                <![CDATA["user could add different products to Wishlist"]]>
              </value>
            </param>
          </params>
          <reporter-output>
          </reporter-output>
        </test-method> <!-- runScenario -->
        <test-method status="PASS" signature="runScenario(io.cucumber.testng.PickleWrapper,io.cucumber.testng.FeatureWrapper)[pri:0, instance:org.example.Runners.TestRunner@36b4cef0]" name="runScenario" duration-ms="21935" started-at="2023-01-24T15:38:11 EET" description="Runs Cucumber Scenarios" data-provider="scenarios" finished-at="2023-01-24T15:38:33 EET">
          <params>
            <param index="0">
              <value>
                <![CDATA["user can products to WhishList"]]>
              </value>
            </param>
            <param index="1">
              <value>
                <![CDATA["user could add different products to Wishlist"]]>
              </value>
            </param>
          </params>
          <reporter-output>
          </reporter-output>
        </test-method> <!-- runScenario -->
        <test-method status="PASS" signature="tearDownClass()[pri:0, instance:org.example.Runners.TestRunner@36b4cef0]" name="tearDownClass" is-config="true" duration-ms="90" started-at="2023-01-24T15:38:33 EET" finished-at="2023-01-24T15:38:33 EET">
          <reporter-output>
          </reporter-output>
        </test-method> <!-- tearDownClass -->
      </class> <!-- org.example.Runners.TestRunner -->
    </test> <!-- Surefire test -->
  </suite> <!-- Surefire suite -->
</testng-results>
