<?xml version="1.0" encoding="UTF-8"?>
<testng-results skipped="0" failed="0" ignored="0" total="10" passed="10">
  <reporter-output>
  </reporter-output>
  <suite name="Surefire suite" duration-ms="127907" started-at="2023-01-23T01:23:47 EET" finished-at="2023-01-23T01:25:55 EET">
    <groups>
      <group name="cucumber">
        <method signature="AbstractTestNGCucumberTests.runScenario(io.cucumber.testng.PickleWrapper,io.cucumber.testng.FeatureWrapper)[pri:0, instance:org.example.Runners.TestRunner@36b4cef0]" name="runScenario" class="io.cucumber.testng.AbstractTestNGCucumberTests"/>
      </group> <!-- cucumber -->
    </groups>
    <test name="Surefire test" duration-ms="127907" started-at="2023-01-23T01:23:47 EET" finished-at="2023-01-23T01:25:55 EET">
      <class name="org.example.Runners.TestRunner">
        <test-method status="PASS" signature="setUpClass(org.testng.ITestContext)[pri:0, instance:org.example.Runners.TestRunner@36b4cef0]" name="setUpClass" is-config="true" duration-ms="1095" started-at="2023-01-23T01:23:47 EET" finished-at="2023-01-23T01:23:48 EET">
          <params>
            <param index="0">
              <value>
                <![CDATA[org.testng.TestRunner@6dee8ae6]]>
              </value>
            </param>
          </params>
          <reporter-output>
          </reporter-output>
        </test-method> <!-- setUpClass -->
        <test-method status="PASS" signature="runScenario(io.cucumber.testng.PickleWrapper,io.cucumber.testng.FeatureWrapper)[pri:0, instance:org.example.Runners.TestRunner@36b4cef0]" name="runScenario" duration-ms="23681" started-at="2023-01-23T01:23:48 EET" description="Runs Cucumber Scenarios" data-provider="scenarios" finished-at="2023-01-23T01:24:12 EET">
          <params>
            <param index="0">
              <value>
                <![CDATA["User could register with valid data"]]>
              </value>
            </param>
            <param index="1">
              <value>
                <![CDATA["User should be able to register successfully using required fields"]]>
              </value>
            </param>
          </params>
          <reporter-output>
          </reporter-output>
        </test-method> <!-- runScenario -->
        <test-method status="PASS" signature="runScenario(io.cucumber.testng.PickleWrapper,io.cucumber.testng.FeatureWrapper)[pri:0, instance:org.example.Runners.TestRunner@36b4cef0]" name="runScenario" duration-ms="12699" started-at="2023-01-23T01:24:12 EET" description="Runs Cucumber Scenarios" data-provider="scenarios" finished-at="2023-01-23T01:24:25 EET">
          <params>
            <param index="0">
              <value>
                <![CDATA["User could log in with valid email and password"]]>
              </value>
            </param>
            <param index="1">
              <value>
                <![CDATA["User should be able to login successfully"]]>
              </value>
            </param>
          </params>
          <reporter-output>
          </reporter-output>
        </test-method> <!-- runScenario -->
        <test-method status="PASS" signature="runScenario(io.cucumber.testng.PickleWrapper,io.cucumber.testng.FeatureWrapper)[pri:0, instance:org.example.Runners.TestRunner@36b4cef0]" name="runScenario" duration-ms="12080" started-at="2023-01-23T01:24:25 EET" description="Runs Cucumber Scenarios" data-provider="scenarios" finished-at="2023-01-23T01:24:37 EET">
          <params>
            <param index="0">
              <value>
                <![CDATA["User could not log in with invalid email and password"]]>
              </value>
            </param>
            <param index="1">
              <value>
                <![CDATA["User should be able to login successfully"]]>
              </value>
            </param>
          </params>
          <reporter-output>
          </reporter-output>
        </test-method> <!-- runScenario -->
        <test-method status="PASS" signature="runScenario(io.cucumber.testng.PickleWrapper,io.cucumber.testng.FeatureWrapper)[pri:0, instance:org.example.Runners.TestRunner@36b4cef0]" name="runScenario" duration-ms="14946" started-at="2023-01-23T01:24:37 EET" description="Runs Cucumber Scenarios" data-provider="scenarios" finished-at="2023-01-23T01:24:52 EET">
          <params>
            <param index="0">
              <value>
                <![CDATA["user can reset his password successfully"]]>
              </value>
            </param>
            <param index="1">
              <value>
                <![CDATA["user should be able to reset his password"]]>
              </value>
            </param>
          </params>
          <reporter-output>
          </reporter-output>
        </test-method> <!-- runScenario -->
        <test-method status="PASS" signature="runScenario(io.cucumber.testng.PickleWrapper,io.cucumber.testng.FeatureWrapper)[pri:0, instance:org.example.Runners.TestRunner@36b4cef0]" name="runScenario" duration-ms="10138" started-at="2023-01-23T01:24:52 EET" description="Runs Cucumber Scenarios" data-provider="scenarios" finished-at="2023-01-23T01:25:02 EET">
          <params>
            <param index="0">
              <value>
                <![CDATA["user can search using product name"]]>
              </value>
            </param>
            <param index="1">
              <value>
                <![CDATA["Logged User could search for any product"]]>
              </value>
            </param>
          </params>
          <reporter-output>
          </reporter-output>
        </test-method> <!-- runScenario -->
        <test-method status="PASS" signature="runScenario(io.cucumber.testng.PickleWrapper,io.cucumber.testng.FeatureWrapper)[pri:0, instance:org.example.Runners.TestRunner@36b4cef0]" name="runScenario" duration-ms="10276" started-at="2023-01-23T01:25:02 EET" description="Runs Cucumber Scenarios" data-provider="scenarios" finished-at="2023-01-23T01:25:12 EET">
          <params>
            <param index="0">
              <value>
                <![CDATA["user can search using product name"]]>
              </value>
            </param>
            <param index="1">
              <value>
                <![CDATA["Logged User could search for any product"]]>
              </value>
            </param>
          </params>
          <reporter-output>
          </reporter-output>
        </test-method> <!-- runScenario -->
        <test-method status="PASS" signature="runScenario(io.cucumber.testng.PickleWrapper,io.cucumber.testng.FeatureWrapper)[pri:0, instance:org.example.Runners.TestRunner@36b4cef0]" name="runScenario" duration-ms="11927" started-at="2023-01-23T01:25:12 EET" description="Runs Cucumber Scenarios" data-provider="scenarios" finished-at="2023-01-23T01:25:24 EET">
          <params>
            <param index="0">
              <value>
                <![CDATA["user can search for product using sku"]]>
              </value>
            </param>
            <param index="1">
              <value>
                <![CDATA["Logged User could search for any product"]]>
              </value>
            </param>
          </params>
          <reporter-output>
          </reporter-output>
        </test-method> <!-- runScenario -->
        <test-method status="PASS" signature="runScenario(io.cucumber.testng.PickleWrapper,io.cucumber.testng.FeatureWrapper)[pri:0, instance:org.example.Runners.TestRunner@36b4cef0]" name="runScenario" duration-ms="10734" started-at="2023-01-23T01:25:24 EET" description="Runs Cucumber Scenarios" data-provider="scenarios" finished-at="2023-01-23T01:25:35 EET">
          <params>
            <param index="0">
              <value>
                <![CDATA["user can search for product using sku"]]>
              </value>
            </param>
            <param index="1">
              <value>
                <![CDATA["Logged User could search for any product"]]>
              </value>
            </param>
          </params>
          <reporter-output>
          </reporter-output>
        </test-method> <!-- runScenario -->
        <test-method status="PASS" signature="runScenario(io.cucumber.testng.PickleWrapper,io.cucumber.testng.FeatureWrapper)[pri:0, instance:org.example.Runners.TestRunner@36b4cef0]" name="runScenario" duration-ms="10068" started-at="2023-01-23T01:25:35 EET" description="Runs Cucumber Scenarios" data-provider="scenarios" finished-at="2023-01-23T01:25:45 EET">
          <params>
            <param index="0">
              <value>
                <![CDATA["user can search for product using sku"]]>
              </value>
            </param>
            <param index="1">
              <value>
                <![CDATA["Logged User could search for any product"]]>
              </value>
            </param>
          </params>
          <reporter-output>
          </reporter-output>
        </test-method> <!-- runScenario -->
        <test-method status="PASS" signature="runScenario(io.cucumber.testng.PickleWrapper,io.cucumber.testng.FeatureWrapper)[pri:0, instance:org.example.Runners.TestRunner@36b4cef0]" name="runScenario" duration-ms="9482" started-at="2023-01-23T01:25:45 EET" description="Runs Cucumber Scenarios" data-provider="scenarios" finished-at="2023-01-23T01:25:54 EET">
          <params>
            <param index="0">
              <value>
                <![CDATA["user can select Euro currency"]]>
              </value>
            </param>
            <param index="1">
              <value>
                <![CDATA["Switching between currencies"]]>
              </value>
            </param>
          </params>
          <reporter-output>
          </reporter-output>
        </test-method> <!-- runScenario -->
        <test-method status="PASS" signature="tearDownClass()[pri:0, instance:org.example.Runners.TestRunner@36b4cef0]" name="tearDownClass" is-config="true" duration-ms="680" started-at="2023-01-23T01:25:54 EET" finished-at="2023-01-23T01:25:55 EET">
          <reporter-output>
          </reporter-output>
        </test-method> <!-- tearDownClass -->
      </class> <!-- org.example.Runners.TestRunner -->
    </test> <!-- Surefire test -->
  </suite> <!-- Surefire suite -->
</testng-results>
